<?xml version="1.0" encoding="UTF-8" ?>
<testsuite tests="11" failures="3" name="com.aatanasov.timetable.test.ScheduleCalculatorTest" time="0.309" errors="0" skipped="0">
  <properties>
[...]
</properties>
  <testcase classname="com.aatanasov.timetable.test.ScheduleCalculatorTest" name="testNameNotChanged" time="0.015"/>
  <testcase classname="com.aatanasov.timetable.test.ScheduleCalculatorTest" name="testPersonRestDays" time="0"/>
  <testcase classname="com.aatanasov.timetable.test.ScheduleCalculatorTest" name="testCalculateWorkingPeopleCount" time="0"/>
  <testcase classname="com.aatanasov.timetable.test.ScheduleCalculatorTest" name="testGenerateRandomDayType" time="0"/>
  <testcase classname="com.aatanasov.timetable.test.ScheduleCalculatorTest" name="testPersonDoesntWorkMoreThanSixDays" time="0">
    <failure message="Each person can work maximum 6 days in a row" type="java.lang.AssertionError">java.lang.AssertionError: Each person can work maximum 6 days in a row
	at org.junit.Assert.fail(Assert.java:88)
	at com.aatanasov.timetable.test.ScheduleCalculatorTest.testPersonDoesntWorkMoreThanSixDays(ScheduleCalculatorTest.java:142)
	at java.base/jdk.internal.reflect.NativeMethodAccessorImpl.invoke0(Native Method)
	at java.base/jdk.internal.reflect.NativeMethodAccessorImpl.invoke(Unknown Source)
	at java.base/jdk.internal.reflect.DelegatingMethodAccessorImpl.invoke(Unknown Source)
	at java.base/java.lang.reflect.Method.invoke(Unknown Source)
	at org.junit.runners.model.FrameworkMethod$1.runReflectiveCall(FrameworkMethod.java:50)
	at org.junit.internal.runners.model.ReflectiveCallable.run(ReflectiveCallable.java:12)
	at org.junit.runners.model.FrameworkMethod.invokeExplosively(FrameworkMethod.java:47)
	at org.junit.internal.runners.statements.InvokeMethod.evaluate(InvokeMethod.java:17)
	at org.junit.runners.ParentRunner.runLeaf(ParentRunner.java:325)
	at org.junit.runners.BlockJUnit4ClassRunner.runChild(BlockJUnit4ClassRunner.java:78)
	at org.junit.runners.BlockJUnit4ClassRunner.runChild(BlockJUnit4ClassRunner.java:57)
	at org.junit.runners.ParentRunner$3.run(ParentRunner.java:290)
	at org.junit.runners.ParentRunner$1.schedule(ParentRunner.java:71)
	at org.junit.runners.ParentRunner.runChildren(ParentRunner.java:288)
	at org.junit.runners.ParentRunner.access$000(ParentRunner.java:58)
	at org.junit.runners.ParentRunner$2.evaluate(ParentRunner.java:268)
	at org.junit.runners.ParentRunner.run(ParentRunner.java:363)
	at org.apache.maven.surefire.junit4.JUnit4Provider.execute(JUnit4Provider.java:252)
	at org.apache.maven.surefire.junit4.JUnit4Provider.executeTestSet(JUnit4Provider.java:141)
	at org.apache.maven.surefire.junit4.JUnit4Provider.invoke(JUnit4Provider.java:112)
	at java.base/jdk.internal.reflect.NativeMethodAccessorImpl.invoke0(Native Method)
	at java.base/jdk.internal.reflect.NativeMethodAccessorImpl.invoke(Unknown Source)
	at java.base/jdk.internal.reflect.DelegatingMethodAccessorImpl.invoke(Unknown Source)
	at java.base/java.lang.reflect.Method.invoke(Unknown Source)
	at org.apache.maven.surefire.util.ReflectionUtils.invokeMethodWithArray(ReflectionUtils.java:189)
	at org.apache.maven.surefire.booter.ProviderFactory$ProviderProxy.invoke(ProviderFactory.java:165)
	at org.apache.maven.surefire.booter.ProviderFactory.invokeProvider(ProviderFactory.java:85)
	at org.apache.maven.surefire.booter.ForkedBooter.runSuitesInProcess(ForkedBooter.java:115)
	at org.apache.maven.surefire.booter.ForkedBooter.main(ForkedBooter.java:75)
</failure>
    <system-out>Calculate time schedule for num days = 30
Processing person Mitko
Too many retries
Retry person schedule generation :Mitko
</system-out>
  </testcase>
  <testcase classname="com.aatanasov.timetable.test.ScheduleCalculatorTest" name="testAllDaysPopulated" time="0"/>
  <testcase classname="com.aatanasov.timetable.test.ScheduleCalculatorTest" name="testDaysNotChanged" time="0"/>
  <testcase classname="com.aatanasov.timetable.test.ScheduleCalculatorTest" name="testNoFirstShiftAfterSecondShift" time="0">
    <failure message="expected:&lt;30&gt; but was:&lt;31&gt;" type="java.lang.AssertionError">java.lang.AssertionError: expected:&lt;30&gt; but was:&lt;31&gt;
	at org.junit.Assert.fail(Assert.java:88)
	at org.junit.Assert.failNotEquals(Assert.java:834)
	at org.junit.Assert.assertEquals(Assert.java:645)
	at org.junit.Assert.assertEquals(Assert.java:631)
	at com.aatanasov.timetable.test.ScheduleCalculatorTest.testNoFirstShiftAfterSecondShift(ScheduleCalculatorTest.java:92)
	at java.base/jdk.internal.reflect.NativeMethodAccessorImpl.invoke0(Native Method)
	at java.base/jdk.internal.reflect.NativeMethodAccessorImpl.invoke(Unknown Source)
	at java.base/jdk.internal.reflect.DelegatingMethodAccessorImpl.invoke(Unknown Source)
	at java.base/java.lang.reflect.Method.invoke(Unknown Source)
	at org.junit.runners.model.FrameworkMethod$1.runReflectiveCall(FrameworkMethod.java:50)
	at org.junit.internal.runners.model.ReflectiveCallable.run(ReflectiveCallable.java:12)
	at org.junit.runners.model.FrameworkMethod.invokeExplosively(FrameworkMethod.java:47)
	at org.junit.internal.runners.statements.InvokeMethod.evaluate(InvokeMethod.java:17)
	at org.junit.runners.ParentRunner.runLeaf(ParentRunner.java:325)
	at org.junit.runners.BlockJUnit4ClassRunner.runChild(BlockJUnit4ClassRunner.java:78)
	at org.junit.runners.BlockJUnit4ClassRunner.runChild(BlockJUnit4ClassRunner.java:57)
	at org.junit.runners.ParentRunner$3.run(ParentRunner.java:290)
	at org.junit.runners.ParentRunner$1.schedule(ParentRunner.java:71)
	at org.junit.runners.ParentRunner.runChildren(ParentRunner.java:288)
	at org.junit.runners.ParentRunner.access$000(ParentRunner.java:58)
	at org.junit.runners.ParentRunner$2.evaluate(ParentRunner.java:268)
	at org.junit.runners.ParentRunner.run(ParentRunner.java:363)
	at org.apache.maven.surefire.junit4.JUnit4Provider.execute(JUnit4Provider.java:252)
	at org.apache.maven.surefire.junit4.JUnit4Provider.executeTestSet(JUnit4Provider.java:141)
	at org.apache.maven.surefire.junit4.JUnit4Provider.invoke(JUnit4Provider.java:112)
	at java.base/jdk.internal.reflect.NativeMethodAccessorImpl.invoke0(Native Method)
	at java.base/jdk.internal.reflect.NativeMethodAccessorImpl.invoke(Unknown Source)
	at java.base/jdk.internal.reflect.DelegatingMethodAccessorImpl.invoke(Unknown Source)
	at java.base/java.lang.reflect.Method.invoke(Unknown Source)
	at org.apache.maven.surefire.util.ReflectionUtils.invokeMethodWithArray(ReflectionUtils.java:189)
	at org.apache.maven.surefire.booter.ProviderFactory$ProviderProxy.invoke(ProviderFactory.java:165)
	at org.apache.maven.surefire.booter.ProviderFactory.invokeProvider(ProviderFactory.java:85)
	at org.apache.maven.surefire.booter.ForkedBooter.runSuitesInProcess(ForkedBooter.java:115)
	at org.apache.maven.surefire.booter.ForkedBooter.main(ForkedBooter.java:75)
</failure>
    <system-out>Calculate time schedule for num days = 30
Processing person Milko
</system-out>
  </testcase>
  <testcase classname="com.aatanasov.timetable.test.ScheduleCalculatorTest" name="testSamePeopleData" time="0"/>
  <testcase classname="com.aatanasov.timetable.test.ScheduleCalculatorTest" name="testNumPeopleEachDay" time="0.294">
    <failure message="Too few people: 7" type="java.lang.AssertionError">java.lang.AssertionError: Too few people: 7
	at org.junit.Assert.fail(Assert.java:88)
	at org.junit.Assert.assertTrue(Assert.java:41)
	at com.aatanasov.timetable.test.ScheduleCalculatorTest.testNumPeopleEachDay(ScheduleCalculatorTest.java:121)
	at java.base/jdk.internal.reflect.NativeMethodAccessorImpl.invoke0(Native Method)
	at java.base/jdk.internal.reflect.NativeMethodAccessorImpl.invoke(Unknown Source)
	at java.base/jdk.internal.reflect.DelegatingMethodAccessorImpl.invoke(Unknown Source)
	at java.base/java.lang.reflect.Method.invoke(Unknown Source)
	at org.junit.runners.model.FrameworkMethod$1.runReflectiveCall(FrameworkMethod.java:50)
	at org.junit.internal.runners.model.ReflectiveCallable.run(ReflectiveCallable.java:12)
	at org.junit.runners.model.FrameworkMethod.invokeExplosively(FrameworkMethod.java:47)
	at org.junit.internal.runners.statements.InvokeMethod.evaluate(InvokeMethod.java:17)
	at org.junit.runners.ParentRunner.runLeaf(ParentRunner.java:325)
	at org.junit.runners.BlockJUnit4ClassRunner.runChild(BlockJUnit4ClassRunner.java:78)
	at org.junit.runners.BlockJUnit4ClassRunner.runChild(BlockJUnit4ClassRunner.java:57)
	at org.junit.runners.ParentRunner$3.run(ParentRunner.java:290)
	at org.junit.runners.ParentRunner$1.schedule(ParentRunner.java:71)
	at org.junit.runners.ParentRunner.runChildren(ParentRunner.java:288)
	at org.junit.runners.ParentRunner.access$000(ParentRunner.java:58)
	at org.junit.runners.ParentRunner$2.evaluate(ParentRunner.java:268)
	at org.junit.runners.ParentRunner.run(ParentRunner.java:363)
	at org.apache.maven.surefire.junit4.JUnit4Provider.execute(JUnit4Provider.java:252)
	at org.apache.maven.surefire.junit4.JUnit4Provider.executeTestSet(JUnit4Provider.java:141)
	at org.apache.maven.surefire.junit4.JUnit4Provider.invoke(JUnit4Provider.java:112)
	at java.base/jdk.internal.reflect.NativeMethodAccessorImpl.invoke0(Native Method)
	at java.base/jdk.internal.reflect.NativeMethodAccessorImpl.invoke(Unknown Source)
	at java.base/jdk.internal.reflect.DelegatingMethodAccessorImpl.invoke(Unknown Source)
	at java.base/java.lang.reflect.Method.invoke(Unknown Source)
	at org.apache.maven.surefire.util.ReflectionUtils.invokeMethodWithArray(ReflectionUtils.java:189)
	at org.apache.maven.surefire.booter.ProviderFactory$ProviderProxy.invoke(ProviderFactory.java:165)
	at org.apache.maven.surefire.booter.ProviderFactory.invokeProvider(ProviderFactory.java:85)
	at org.apache.maven.surefire.booter.ForkedBooter.runSuitesInProcess(ForkedBooter.java:115)
	at org.apache.maven.surefire.booter.ForkedBooter.main(ForkedBooter.java:75)
</failure>
    <system-out>Calculate time schedule for num days = 30
Processing person person0
Processing person person1
Processing person person2
Too many retries
Retry person schedule generation :person2
Processing person person3
Too many retries
Retry person schedule generation :person3
Processing person person4
Processing person person5
Processing person person6
Processing person person7
Processing person person8
Processing person person9
Processing person person10
Processing person person11
Too many retries
Retry person schedule generation :person11
Too many retries
Retry person schedule generation :person11
Too many retries
Retry person schedule generation :person11
Too many retries
Retry person schedule generation :person11
Too many retries
Retry person schedule generation :person11
Too many retries
Retry person schedule generation :person11
Too many retries
Retry person schedule generation :person11
Processing person person12
Too many retries
Retry person schedule generation :person12
Too many retries
Retry person schedule generation :person12
Too many retries
Retry person schedule generation :person12
Too many retries
Retry person schedule generation :person12
Processing person person13
Too many retries
Retry person schedule generation :person13
Too many retries
Retry person schedule generation :person13
Too many retries
Retry person schedule generation :person13
Too many retries
Retry person schedule generation :person13
Too many retries
Retry person schedule generation :person13
Too many retries
Retry person schedule generation :person13
Too many retries
Retry person schedule generation :person13
Too many retries
Retry person schedule generation :person13
Too many retries
Retry person schedule generation :person13
Too many retries
Retry person schedule generation :person13
Too many retries
Retry person schedule generation :person13
Too many retries
Retry person schedule generation :person13
Too many retries
Retry person schedule generation :person13
Too many retries
Retry person schedule generation :person13
Too many retries
Retry person schedule generation :person13
Too many retries
Retry person schedule generation :person13
Too many retries
Retry person schedule generation :person13
Too many retries
Retry person schedule generation :person13
Too many retries
Retry person schedule generation :person13
Too many retries
Retry person schedule generation :person13
Too many retries
Retry person schedule generation :person13
Too many retries
Retry person schedule generation :person13
Too many retries
Retry person schedule generation :person13
Too many retries
Retry person schedule generation :person13
Too many retries
Retry person schedule generation :person13
Too many retries
Retry person schedule generation :person13
Too many retries
Retry person schedule generation :person13
Too many retries
Retry person schedule generation :person13
Too many retries
Retry person schedule generation :person13
Too many retries
Retry person schedule generation :person13
Too many retries
Retry person schedule generation :person13
Too many retries
Retry person schedule generation :person13
Too many retries
Retry person schedule generation :person13
Too many retries
Retry person schedule generation :person13
Too many retries
Retry person schedule generation :person13
Too many retries
Retry person schedule generation :person13
Too many retries
Retry person schedule generation :person13
Too many retries
Retry person schedule generation :person13
Too many retries
Retry person schedule generation :person13
Too many retries
Retry person schedule generation :person13
Too many retries
Retry person schedule generation :person13
Too many retries
Retry person schedule generation :person13
Too many retries
Retry person schedule generation :person13
Too many retries
Retry person schedule generation :person13
Too many retries
Retry person schedule generation :person13
Too many retries
Retry person schedule generation :person13
Too many retries
Retry person schedule generation :person13
Too many retries
Retry person schedule generation :person13
Too many retries
Retry person schedule generation :person13
Too many retries
Retry person schedule generation :person13
Too many retries
Retry person schedule generation :person13
Too many retries
Retry person schedule generation :person13
Too many retries
Retry person schedule generation :person13
Too many retries
Retry person schedule generation :person13
Too many retries
Retry person schedule generation :person13
Too many retries
Retry person schedule generation :person13
Too many retries
Retry person schedule generation :person13
Too many retries
Retry person schedule generation :person13
Too many retries
Retry person schedule generation :person13
Too many retries
Retry person schedule generation :person13
Too many retries
Retry person schedule generation :person13
Too many retries
Retry person schedule generation :person13
Too many retries
Retry person schedule generation :person13
Too many retries
Retry person schedule generation :person13
Too many retries
Retry person schedule generation :person13
Too many retries
Retry person schedule generation :person13
Too many retries
Retry person schedule generation :person13
Too many retries
Retry person schedule generation :person13
Too many retries
Retry person schedule generation :person13
Too many retries
Retry person schedule generation :person13
Too many retries
Retry person schedule generation :person13
Too many retries
Retry person schedule generation :person13
Too many retries
Retry person schedule generation :person13
Too many retries
Retry person schedule generation :person13
Too many retries
Retry person schedule generation :person13
Too many retries
Retry person schedule generation :person13
Too many retries
Retry person schedule generation :person13
Too many retries
Retry person schedule generation :person13
Too many retries
Retry person schedule generation :person13
Too many retries
Retry person schedule generation :person13
Too many retries
Retry person schedule generation :person13
Too many retries
Retry person schedule generation :person13
Too many retries
Retry person schedule generation :person13
Too many retries
Retry person schedule generation :person13
Too many retries
Retry person schedule generation :person13
Too many retries
Retry person schedule generation :person13
Too many retries
Retry person schedule generation :person13
Too many retries
Retry person schedule generation :person13
Too many retries
Retry person schedule generation :person13
Too many retries
Retry person schedule generation :person13
Too many retries
Retry person schedule generation :person13
Too many retries
Retry person schedule generation :person13
Too many retries
Retry person schedule generation :person13
Too many retries
Retry person schedule generation :person13
Too many retries
Retry person schedule generation :person13
Too many retries
Retry person schedule generation :person13
Too many retries
Retry person schedule generation :person13
Too many retries
Retry person schedule generation :person13
Too many retries
Retry person schedule generation :person13
Too many retries
Retry person schedule generation :person13
Too many retries
Retry person schedule generation :person13
Too many retries
Retry person schedule generation :person13
Too many retries
Retry person schedule generation :person13
Too many retries
Retry person schedule generation :person13
Too many retries
Retry person schedule generation :person13
Too many retries
Retry person schedule generation :person13
Too many retries
Retry person schedule generation :person13
Too many retries
Retry person schedule generation :person13
Too many retries
Retry person schedule generation :person13
Too many retries
Retry person schedule generation :person13
Too many retries
Retry person schedule generation :person13
Too many retries
Retry person schedule generation :person13
Too many retries
Retry person schedule generation :person13
Too many retries
Retry person schedule generation :person13
Too many retries
Retry person schedule generation :person13
Too many retries
Retry person schedule generation :person13
Too many retries
Retry person schedule generation :person13
Too many retries
Retry person schedule generation :person13
Too many retries
Retry person schedule generation :person13
Too many retries
Retry person schedule generation :person13
Too many retries
Retry person schedule generation :person13
Too many retries
Retry person schedule generation :person13
Too many retries
Retry person schedule generation :person13
Too many retries
Retry person schedule generation :person13
Too many retries
Retry person schedule generation :person13
Too many retries
Retry person schedule generation :person13
Too many retries
Retry person schedule generation :person13
Too many retries
Retry person schedule generation :person13
Too many retries
Retry person schedule generation :person13
Too many retries
Retry person schedule generation :person13
Too many retries
Retry person schedule generation :person13
Too many retries
Retry person schedule generation :person13
Too many retries
Retry person schedule generation :person13
Too many retries
Retry person schedule generation :person13
Too many retries
Retry person schedule generation :person13
Too many retries
Retry person schedule generation :person13
Too many retries
Retry person schedule generation :person13
Too many retries
Retry person schedule generation :person13
Too many retries
Retry person schedule generation :person13
Too many retries
Retry person schedule generation :person13
Too many retries
Retry person schedule generation :person13
Too many retries
Retry person schedule generation :person13
Too many retries
Retry person schedule generation :person13
Too many retries
Retry person schedule generation :person13
Too many retries
Retry person schedule generation :person13
Too many retries
Retry person schedule generation :person13
Too many retries
Retry person schedule generation :person13
Too many retries
Retry person schedule generation :person13
Too many retries
Retry person schedule generation :person13
Too many retries
Retry person schedule generation :person13
Too many retries
Retry person schedule generation :person13
Too many retries
Retry person schedule generation :person13
Too many retries
Retry person schedule generation :person13
Too many retries
Retry person schedule generation :person13
Too many retries
Retry person schedule generation :person13
Too many retries
Retry person schedule generation :person13
Too many retries
Retry person schedule generation :person13
Too many retries
Retry person schedule generation :person13
Too many retries
Retry person schedule generation :person13
Too many retries
Retry person schedule generation :person13
Too many retries
Retry person schedule generation :person13
Too many retries
Retry person schedule generation :person13
Too many retries
Retry person schedule generation :person13
Too many retries
Retry person schedule generation :person13
Too many retries
Retry person schedule generation :person13
Too many retries
Retry person schedule generation :person13
Too many retries
Retry person schedule generation :person13
Too many retries
Retry person schedule generation :person13
Too many retries
Retry person schedule generation :person13
Too many retries
Retry person schedule generation :person13
Too many retries
Retry person schedule generation :person13
Too many retries
Retry person schedule generation :person13
Too many retries
Retry person schedule generation :person13
Too many retries
Retry person schedule generation :person13
Too many retries
Retry person schedule generation :person13
Too many retries
Retry person schedule generation :person13
Too many retries
Retry person schedule generation :person13
Too many retries
Retry person schedule generation :person13
Too many retries
Retry person schedule generation :person13
Too many retries
Retry person schedule generation :person13
Too many retries
Retry person schedule generation :person13
Too many retries
Retry person schedule generation :person13
Too many retries
Retry person schedule generation :person13
Too many retries
Retry person schedule generation :person13
Too many retries
Retry person schedule generation :person13
Too many retries
Retry person schedule generation :person13
Too many retries
Retry person schedule generation :person13
Too many retries
Retry person schedule generation :person13
Too many retries
Retry person schedule generation :person13
Too many retries
Retry person schedule generation :person13
Too many retries
Retry person schedule generation :person13
Too many retries
Retry person schedule generation :person13
Too many retries
Retry person schedule generation :person13
Too many retries
Retry person schedule generation :person13
Too many retries
Retry person schedule generation :person13
Too many retries
Retry person schedule generation :person13
Too many retries
Retry person schedule generation :person13
Too many retries
Retry person schedule generation :person13
Too many retries
Retry person schedule generation :person13
Too many retries
Retry person schedule generation :person13
Processing person person14
Too many retries
Retry person schedule generation :person14
Too many retries
Retry person schedule generation :person14
Too many retries
Retry person schedule generation :person14
Too many retries
Retry person schedule generation :person14
Too many retries
Retry person schedule generation :person14
Too many retries
Retry person schedule generation :person14
Too many retries
Retry person schedule generation :person14
Too many retries
Retry person schedule generation :person14
Too many retries
Retry person schedule generation :person14
Too many retries
Retry person schedule generation :person14
Too many retries
Retry person schedule generation :person14
Too many retries
Retry person schedule generation :person14
Too many retries
Retry person schedule generation :person14
Too many retries
Retry person schedule generation :person14
Too many retries
Retry person schedule generation :person14
Too many retries
Retry person schedule generation :person14
Too many retries
Retry person schedule generation :person14
Too many retries
Retry person schedule generation :person14
Too many retries
Retry person schedule generation :person14
Too many retries
Retry person schedule generation :person14
Too many retries
Retry person schedule generation :person14
Too many retries
Retry person schedule generation :person14
Too many retries
Retry person schedule generation :person14
Too many retries
Retry person schedule generation :person14
Too many retries
Retry person schedule generation :person14
Too many retries
Retry person schedule generation :person14
Too many retries
Retry person schedule generation :person14
Too many retries
Retry person schedule generation :person14
Too many retries
Retry person schedule generation :person14
Too many retries
Retry person schedule generation :person14
Too many retries
Retry person schedule generation :person14
Too many retries
Retry person schedule generation :person14
Too many retries
Retry person schedule generation :person14
Too many retries
Retry person schedule generation :person14
Too many retries
Retry person schedule generation :person14
Too many retries
Retry person schedule generation :person14
Too many retries
Retry person schedule generation :person14
Too many retries
Retry person schedule generation :person14
Too many retries
Retry person schedule generation :person14
Too many retries
Retry person schedule generation :person14
Too many retries
Retry person schedule generation :person14
Too many retries
Retry person schedule generation :person14
Too many retries
Retry person schedule generation :person14
Too many retries
Retry person schedule generation :person14
Too many retries
Retry person schedule generation :person14
Too many retries
Retry person schedule generation :person14
Too many retries
Retry person schedule generation :person14
Too many retries
Retry person schedule generation :person14
Too many retries
Retry person schedule generation :person14
Too many retries
Retry person schedule generation :person14
Too many retries
Retry person schedule generation :person14
Too many retries
Retry person schedule generation :person14
Too many retries
Retry person schedule generation :person14
Too many retries
Retry person schedule generation :person14
Too many retries
Retry person schedule generation :person14
Too many retries
Retry person schedule generation :person14
Too many retries
Retry person schedule generation :person14
Too many retries
Retry person schedule generation :person14
Too many retries
Retry person schedule generation :person14
Too many retries
Retry person schedule generation :person14
Too many retries
Retry person schedule generation :person14
Too many retries
Retry person schedule generation :person14
Too many retries
Retry person schedule generation :person14
Too many retries
Retry person schedule generation :person14
Too many retries
Retry person schedule generation :person14
Too many retries
Retry person schedule generation :person14
Too many retries
Retry person schedule generation :person14
Too many retries
Retry person schedule generation :person14
Too many retries
Retry person schedule generation :person14
Too many retries
Retry person schedule generation :person14
Too many retries
Retry person schedule generation :person14
Too many retries
Retry person schedule generation :person14
Too many retries
Retry person schedule generation :person14
Too many retries
Retry person schedule generation :person14
Too many retries
Retry person schedule generation :person14
Too many retries
Retry person schedule generation :person14
Too many retries
Retry person schedule generation :person14
Too many retries
Retry person schedule generation :person14
Too many retries
Retry person schedule generation :person14
Too many retries
Retry person schedule generation :person14
Too many retries
Retry person schedule generation :person14
Too many retries
Retry person schedule generation :person14
Too many retries
Retry person schedule generation :person14
Too many retries
Retry person schedule generation :person14
Too many retries
Retry person schedule generation :person14
Too many retries
Retry person schedule generation :person14
Too many retries
Retry person schedule generation :person14
Too many retries
Retry person schedule generation :person14
Too many retries
Retry person schedule generation :person14
Too many retries
Retry person schedule generation :person14
Too many retries
Retry person schedule generation :person14
Too many retries
Retry person schedule generation :person14
Too many retries
Retry person schedule generation :person14
Too many retries
Retry person schedule generation :person14
Too many retries
Retry person schedule generation :person14
Too many retries
Retry person schedule generation :person14
Too many retries
Retry person schedule generation :person14
Too many retries
Retry person schedule generation :person14
Too many retries
Retry person schedule generation :person14
Too many retries
Retry person schedule generation :person14
Too many retries
Retry person schedule generation :person14
Too many retries
Retry person schedule generation :person14
Too many retries
Retry person schedule generation :person14
Too many retries
Retry person schedule generation :person14
Too many retries
Retry person schedule generation :person14
Too many retries
Retry person schedule generation :person14
Too many retries
Retry person schedule generation :person14
Too many retries
Retry person schedule generation :person14
Too many retries
Retry person schedule generation :person14
Too many retries
Retry person schedule generation :person14
Too many retries
Retry person schedule generation :person14
Too many retries
Retry person schedule generation :person14
Too many retries
Retry person schedule generation :person14
Too many retries
Retry person schedule generation :person14
Too many retries
Retry person schedule generation :person14
Too many retries
Retry person schedule generation :person14
Too many retries
Retry person schedule generation :person14
Too many retries
Retry person schedule generation :person14
Too many retries
Retry person schedule generation :person14
Too many retries
Retry person schedule generation :person14
Too many retries
Retry person schedule generation :person14
Too many retries
Retry person schedule generation :person14
Too many retries
Retry person schedule generation :person14
Too many retries
Retry person schedule generation :person14
Too many retries
Retry person schedule generation :person14
Too many retries
Retry person schedule generation :person14
Too many retries
Retry person schedule generation :person14
Too many retries
Retry person schedule generation :person14
Too many retries
Retry person schedule generation :person14
Too many retries
Retry person schedule generation :person14
Too many retries
Retry person schedule generation :person14
Too many retries
Retry person schedule generation :person14
Too many retries
Retry person schedule generation :person14
Too many retries
Retry person schedule generation :person14
Too many retries
Retry person schedule generation :person14
Too many retries
Retry person schedule generation :person14
Too many retries
Retry person schedule generation :person14
Too many retries
Retry person schedule generation :person14
Too many retries
Retry person schedule generation :person14
Too many retries
Retry person schedule generation :person14
Too many retries
Retry person schedule generation :person14
Too many retries
Retry person schedule generation :person14
Too many retries
Retry person schedule generation :person14
Too many retries
Retry person schedule generation :person14
Too many retries
Retry person schedule generation :person14
Too many retries
Retry person schedule generation :person14
Too many retries
Retry person schedule generation :person14
Too many retries
Retry person schedule generation :person14
Too many retries
Retry person schedule generation :person14
Too many retries
Retry person schedule generation :person14
Too many retries
Retry person schedule generation :person14
Too many retries
Retry person schedule generation :person14
Too many retries
Retry person schedule generation :person14
Too many retries
Retry person schedule generation :person14
Too many retries
Retry person schedule generation :person14
Too many retries
Retry person schedule generation :person14
Too many retries
Retry person schedule generation :person14
Too many retries
Retry person schedule generation :person14
Too many retries
Retry person schedule generation :person14
Too many retries
Retry person schedule generation :person14
Too many retries
Retry person schedule generation :person14
Too many retries
Retry person schedule generation :person14
Too many retries
Retry person schedule generation :person14
Too many retries
Retry person schedule generation :person14
Too many retries
Retry person schedule generation :person14
Too many retries
Retry person schedule generation :person14
Too many retries
Retry person schedule generation :person14
Too many retries
Retry person schedule generation :person14
Too many retries
Retry person schedule generation :person14
Too many retries
Retry person schedule generation :person14
Too many retries
Retry person schedule generation :person14
Too many retries
Retry person schedule generation :person14
Too many retries
Retry person schedule generation :person14
Too many retries
Retry person schedule generation :person14
Too many retries
Retry person schedule generation :person14
Too many retries
Retry person schedule generation :person14
Too many retries
Retry person schedule generation :person14
Too many retries
Retry person schedule generation :person14
Too many retries
Retry person schedule generation :person14
Too many retries
Retry person schedule generation :person14
Too many retries
Retry person schedule generation :person14
Too many retries
Retry person schedule generation :person14
Too many retries
Retry person schedule generation :person14
Too many retries
Retry person schedule generation :person14
Too many retries
Retry person schedule generation :person14
Too many retries
Retry person schedule generation :person14
Too many retries
Retry person schedule generation :person14
Too many retries
Retry person schedule generation :person14
Too many retries
Retry person schedule generation :person14
Too many retries
Retry person schedule generation :person14
Too many retries
Retry person schedule generation :person14
Too many retries
Retry person schedule generation :person14
Too many retries
Retry person schedule generation :person14
Too many retries
Retry person schedule generation :person14
Too many retries
Retry person schedule generation :person14
Too many retries
Retry person schedule generation :person14
Too many retries
Retry person schedule generation :person14
Too many retries
Retry person schedule generation :person14
Too many retries
Retry person schedule generation :person14
Too many retries
Retry person schedule generation :person14
</system-out>
  </testcase>
  <testcase classname="com.aatanasov.timetable.test.ScheduleCalculatorTest" name="testSamePeople" time="0"/>
</testsuite>